<?xml version="1.0" encoding="UTF-8"?>
<testng-results skipped="0" failed="0" ignored="0" total="2" passed="2">
  <reporter-output>
  </reporter-output>
  <suite name="Default suite" duration-ms="51472" started-at="2018-05-14T11:20:25Z" finished-at="2018-05-14T11:21:16Z">
    <groups>
    </groups>
    <test name="Default test" duration-ms="51472" started-at="2018-05-14T11:20:25Z" finished-at="2018-05-14T11:21:16Z">
      <class name="com.f5solutioncrm.leadtest.LeadTest">
        <test-method status="PASS" signature="configBeforeSuite()[pri:0, instance:com.f5solutioncrm.leadtest.LeadTest@1aab78]" name="configBeforeSuite" is-config="true" duration-ms="305" started-at="2018-05-14T11:20:24Z" finished-at="2018-05-14T11:20:25Z">
          <reporter-output>
          </reporter-output>
        </test-method> <!-- configBeforeSuite -->
        <test-method status="PASS" signature="configBM()[pri:0, instance:com.f5solutioncrm.leadtest.LeadTest@1aab78]" name="configBM" is-config="true" duration-ms="9318" started-at="2018-05-14T11:20:25Z" finished-at="2018-05-14T11:20:34Z">
          <reporter-output>
          </reporter-output>
        </test-method> <!-- configBM -->
        <test-method status="PASS" signature="configBeforeMtd()[pri:0, instance:com.f5solutioncrm.leadtest.LeadTest@1aab78]" name="configBeforeMtd" is-config="true" duration-ms="6543" started-at="2018-05-14T11:20:34Z" finished-at="2018-05-14T11:20:41Z">
          <reporter-output>
          </reporter-output>
        </test-method> <!-- configBeforeMtd -->
        <test-method status="PASS" signature="CreateLeadTest()[pri:0, instance:com.f5solutioncrm.leadtest.LeadTest@1aab78]" name="CreateLeadTest" duration-ms="15058" started-at="2018-05-14T11:20:41Z" finished-at="2018-05-14T11:20:56Z">
          <reporter-output>
          </reporter-output>
        </test-method> <!-- CreateLeadTest -->
        <test-method status="PASS" signature="configAfterMtd()[pri:0, instance:com.f5solutioncrm.leadtest.LeadTest@1aab78]" name="configAfterMtd" is-config="true" duration-ms="2432" started-at="2018-05-14T11:20:56Z" finished-at="2018-05-14T11:20:58Z">
          <reporter-output>
          </reporter-output>
        </test-method> <!-- configAfterMtd -->
        <test-method status="PASS" signature="configBeforeMtd()[pri:0, instance:com.f5solutioncrm.leadtest.LeadTest@1aab78]" name="configBeforeMtd" is-config="true" duration-ms="3833" started-at="2018-05-14T11:20:58Z" finished-at="2018-05-14T11:21:02Z">
          <reporter-output>
          </reporter-output>
        </test-method> <!-- configBeforeMtd -->
        <test-method status="PASS" signature="CreateLeadWithStatusTest()[pri:0, instance:com.f5solutioncrm.leadtest.LeadTest@1aab78]" name="CreateLeadWithStatusTest" duration-ms="12234" started-at="2018-05-14T11:21:02Z" finished-at="2018-05-14T11:21:14Z">
          <reporter-output>
          </reporter-output>
        </test-method> <!-- CreateLeadWithStatusTest -->
        <test-method status="PASS" signature="configAfterMtd()[pri:0, instance:com.f5solutioncrm.leadtest.LeadTest@1aab78]" name="configAfterMtd" is-config="true" duration-ms="2007" started-at="2018-05-14T11:21:14Z" finished-at="2018-05-14T11:21:16Z">
          <reporter-output>
          </reporter-output>
        </test-method> <!-- configAfterMtd -->
        <test-method status="PASS" signature="configAM()[pri:0, instance:com.f5solutioncrm.leadtest.LeadTest@1aab78]" name="configAM" is-config="true" duration-ms="13" started-at="2018-05-14T11:21:16Z" finished-at="2018-05-14T11:21:16Z">
          <reporter-output>
          </reporter-output>
        </test-method> <!-- configAM -->
        <test-method status="PASS" signature="configAfterSuite()[pri:0, instance:com.f5solutioncrm.leadtest.LeadTest@1aab78]" name="configAfterSuite" is-config="true" duration-ms="422" started-at="2018-05-14T11:21:16Z" finished-at="2018-05-14T11:21:17Z">
          <reporter-output>
          </reporter-output>
        </test-method> <!-- configAfterSuite -->
      </class> <!-- com.f5solutioncrm.leadtest.LeadTest -->
    </test> <!-- Default test -->
  </suite> <!-- Default suite -->
</testng-results>
