<?xml version="1.0" encoding="UTF-8"?>
<testng-results skipped="0" failed="0" total="2" passed="2">
  <reporter-output>
  </reporter-output>
  <suite name="Suite" duration-ms="64186" started-at="2018-05-14T08:46:05Z" finished-at="2018-05-14T08:47:09Z">
    <groups>
    </groups>
    <test name="Test" duration-ms="64186" started-at="2018-05-14T08:46:05Z" finished-at="2018-05-14T08:47:09Z">
      <class name="com.autodeskcrm.orgtest.OrgTest">
        <test-method status="PASS" signature="configBeforeSuite()[pri:0, instance:com.autodeskcrm.orgtest.OrgTest@42b0a6]" name="configBeforeSuite" is-config="true" duration-ms="839" started-at="2018-05-14T01:46:04Z" finished-at="2018-05-14T01:46:05Z">
          <reporter-output>
          </reporter-output>
        </test-method> <!-- configBeforeSuite -->
        <test-method status="PASS" signature="configBM()[pri:0, instance:com.autodeskcrm.orgtest.OrgTest@42b0a6]" name="configBM" is-config="true" duration-ms="12705" started-at="2018-05-14T01:46:05Z" finished-at="2018-05-14T01:46:18Z">
          <reporter-output>
          </reporter-output>
        </test-method> <!-- configBM -->
        <test-method status="PASS" signature="configBeforeMtd()[pri:0, instance:com.autodeskcrm.orgtest.OrgTest@42b0a6]" name="configBeforeMtd" is-config="true" duration-ms="7215" started-at="2018-05-14T01:46:18Z" finished-at="2018-05-14T01:46:25Z">
          <reporter-output>
          </reporter-output>
        </test-method> <!-- configBeforeMtd -->
        <test-method status="PASS" signature="createORgTest()[pri:0, instance:com.autodeskcrm.orgtest.OrgTest@42b0a6]" name="createORgTest" duration-ms="19218" started-at="2018-05-14T01:46:25Z" finished-at="2018-05-14T01:46:44Z">
          <reporter-output>
          </reporter-output>
        </test-method> <!-- createORgTest -->
        <test-method status="PASS" signature="configAfterMtd()[pri:0, instance:com.autodeskcrm.orgtest.OrgTest@42b0a6]" name="configAfterMtd" is-config="true" duration-ms="2638" started-at="2018-05-14T01:46:44Z" finished-at="2018-05-14T01:46:47Z">
          <reporter-output>
          </reporter-output>
        </test-method> <!-- configAfterMtd -->
        <test-method status="PASS" signature="configBeforeMtd()[pri:0, instance:com.autodeskcrm.orgtest.OrgTest@42b0a6]" name="configBeforeMtd" is-config="true" duration-ms="3977" started-at="2018-05-14T01:46:47Z" finished-at="2018-05-14T01:46:51Z">
          <reporter-output>
          </reporter-output>
        </test-method> <!-- configBeforeMtd -->
        <test-method status="PASS" signature="createORgWithTypeTest()[pri:0, instance:com.autodeskcrm.orgtest.OrgTest@42b0a6]" name="createORgWithTypeTest" duration-ms="16023" started-at="2018-05-14T01:46:51Z" finished-at="2018-05-14T01:47:07Z">
          <reporter-output>
          </reporter-output>
        </test-method> <!-- createORgWithTypeTest -->
        <test-method status="PASS" signature="configAfterMtd()[pri:0, instance:com.autodeskcrm.orgtest.OrgTest@42b0a6]" name="configAfterMtd" is-config="true" duration-ms="579" started-at="2018-05-14T01:47:07Z" finished-at="2018-05-14T01:47:07Z">
          <reporter-output>
          </reporter-output>
        </test-method> <!-- configAfterMtd -->
        <test-method status="PASS" signature="configAM()[pri:0, instance:com.autodeskcrm.orgtest.OrgTest@42b0a6]" name="configAM" is-config="true" duration-ms="1763" started-at="2018-05-14T01:47:07Z" finished-at="2018-05-14T01:47:09Z">
          <reporter-output>
          </reporter-output>
        </test-method> <!-- configAM -->
        <test-method status="PASS" signature="configAfterSuite()[pri:0, instance:com.autodeskcrm.orgtest.OrgTest@42b0a6]" name="configAfterSuite" is-config="true" duration-ms="774" started-at="2018-05-14T01:47:09Z" finished-at="2018-05-14T01:47:10Z">
          <reporter-output>
          </reporter-output>
        </test-method> <!-- configAfterSuite -->
      </class> <!-- com.autodeskcrm.orgtest.OrgTest -->
    </test> <!-- Test -->
  </suite> <!-- Suite -->
</testng-results>
